  deferred_shading_volumes.cpp
C:\Users\camer\Documents\Visual Studio 2015\Projects\Dissertation with volumes\Dissertation\opengl/shader.h(65): warning C4101: 'infoLog': unreferenced local variable
C:\Users\camer\Documents\Visual Studio 2015\Projects\Dissertation with volumes\Dissertation\opengl/shader.h(64): warning C4101: 'success': unreferenced local variable
deferred_shading_volumes.cpp(28): warning C4244: 'initializing': conversion from 'double' to 'float', possible loss of data
deferred_shading_volumes.cpp(29): warning C4244: 'initializing': conversion from 'double' to 'float', possible loss of data
deferred_shading_volumes.cpp(239): warning C4244: 'initializing': conversion from 'double' to 'float', possible loss of data
deferred_shading_volumes.cpp(240): warning C4244: 'initializing': conversion from 'double' to 'float', possible loss of data
deferred_shading_volumes.cpp(241): warning C4244: 'initializing': conversion from 'double' to 'float', possible loss of data
deferred_shading_volumes.cpp(243): warning C4244: 'initializing': conversion from 'double' to 'float', possible loss of data
deferred_shading_volumes.cpp(244): warning C4244: 'initializing': conversion from 'double' to 'float', possible loss of data
deferred_shading_volumes.cpp(245): warning C4244: 'initializing': conversion from 'double' to 'float', possible loss of data
deferred_shading_volumes.cpp(256): warning C4244: 'initializing': conversion from 'double' to 'float', possible loss of data
deferred_shading_volumes.cpp(296): warning C4305: 'initializing': truncation from 'double' to 'float'
deferred_shading_volumes.cpp(297): warning C4305: 'initializing': truncation from 'double' to 'float'
deferred_shading_volumes.cpp(449): warning C4244: '=': conversion from 'double' to 'float', possible loss of data
deferred_shading_volumes.cpp(450): warning C4244: '=': conversion from 'double' to 'float', possible loss of data
deferred_shading_volumes.cpp(454): warning C4244: 'initializing': conversion from 'double' to 'float', possible loss of data
deferred_shading_volumes.cpp(455): warning C4244: 'initializing': conversion from 'double' to 'float', possible loss of data
deferred_shading_volumes.cpp(457): warning C4244: '=': conversion from 'double' to 'float', possible loss of data
deferred_shading_volumes.cpp(458): warning C4244: '=': conversion from 'double' to 'float', possible loss of data
deferred_shading_volumes.cpp(465): warning C4244: 'argument': conversion from 'double' to 'float', possible loss of data
SOIL.lib(stb_image_aug.obj) : warning LNK4075: ignoring '/EDITANDCONTINUE' due to '/OPT:ICF' specification
  Generating code
  0 of 999 functions ( 0.0%) were compiled, the rest were copied from previous compilation.
    0 functions were new in current compilation
    45 functions had inline decision re-evaluated but remain unchanged
  Finished generating code
SOIL.lib(stb_image_aug.obj) : warning LNK4099: PDB 'vc110.pdb' was not found with 'SOIL.lib(stb_image_aug.obj)' or at 'C:\Users\camer\Documents\Visual Studio 2015\Projects\Dissertation with volumes\Release\vc110.pdb'; linking object as if no debug info
  Dissertation.vcxproj -> C:\Users\camer\Documents\Visual Studio 2015\Projects\Dissertation with volumes\Release\Dissertation.exe
  Dissertation.vcxproj -> C:\Users\camer\Documents\Visual Studio 2015\Projects\Dissertation with volumes\Release\Dissertation.pdb (Full PDB)
